<?xml version="1.0" encoding="UTF-8"?>
<!-- Generated by org.testng.reporters.JUnitXMLReporter -->
<testsuite ignored="2" hostname="Prasad" failures="1" tests="1" name="QaTestCases(failed)" time="10.332" errors="0" timestamp="2023-09-17T23:44:28 IST">
  <testcase classname="com.testQaTestCases.Search" name="verifySearchWithValidProduct" time="6.172">
    <failure type="org.openqa.selenium.NoSuchElementException" message="Unable to find element with locator By.linkText: HP LP3065
For documentation on this error, please visit: https://www.selenium.dev/documentation/webdriver/troubleshooting/errors#no-such-element-exception
Build info: version: &amp;apos;4.12.1&amp;apos;, revision: &amp;apos;8e34639b11&amp;apos;
System info: os.name: &amp;apos;Windows 11&amp;apos;, os.arch: &amp;apos;amd64&amp;apos;, os.version: &amp;apos;10.0&amp;apos;, java.version: &amp;apos;11.0.14&amp;apos;
Driver info: driver.version: RemoteWebDriver">
      <![CDATA[org.openqa.selenium.NoSuchElementException: Unable to find element with locator By.linkText: HP LP3065
For documentation on this error, please visit: https://www.selenium.dev/documentation/webdriver/troubleshooting/errors#no-such-element-exception
Build info: version: '4.12.1', revision: '8e34639b11'
System info: os.name: 'Windows 11', os.arch: 'amd64', os.version: '10.0', java.version: '11.0.14'
Driver info: driver.version: RemoteWebDriver
at org.openqa.selenium.remote.ElementLocation$ElementFinder$2.findElement(ElementLocation.java:168)
at org.openqa.selenium.remote.ElementLocation.findElement(ElementLocation.java:59)
at org.openqa.selenium.remote.RemoteWebDriver.findElement(RemoteWebDriver.java:359)
at org.openqa.selenium.remote.RemoteWebDriver.findElement(RemoteWebDriver.java:353)
at org.openqa.selenium.support.pagefactory.DefaultElementLocator.findElement(DefaultElementLocator.java:68)
at org.openqa.selenium.support.pagefactory.internal.LocatingElementHandler.invoke(LocatingElementHandler.java:38)
at com.sun.proxy.$Proxy16.isDisplayed(Unknown Source)
at com.pages.SearchPage.is_product_available(SearchPage.java:22)
at com.testQaTestCases.Search.verifySearchWithValidProduct(Search.java:29)
at java.base/java.util.ArrayList.forEach(ArrayList.java:1541)
... Removed 27 stack frames]]>
    </failure>
  </testcase> <!-- verifySearchWithValidProduct -->
  <testcase classname="com.testQaTestCases.Search" name="verfiyWithInvalidText" time="0.0">
    <ignored/>
  </testcase> <!-- verfiyWithInvalidText -->
  <testcase classname="com.testQaTestCases.Search" name="verifyWithoutAnyProduct" time="0.0">
    <ignored/>
  </testcase> <!-- verifyWithoutAnyProduct -->
</testsuite> <!-- QaTestCases(failed) -->
